<?xml version="1.0" encoding="UTF-8"?>
<testng-results skipped="0" failed="0" total="1" passed="1">
  <reporter-output>
    <line>
      <![CDATA[Emp Creation successProxy element for: DefaultElementLocator 'By.name: employeeId'    [[ChromeDriver: chrome on WINDOWS (379858d1d881072f10f76be811fc5ffe)] -> id: personal_txtEmployeeId]]]>
    </line>
    <line>
      <![CDATA[Emp Creation::true]]>
    </line>
  </reporter-output>
  <suite name="Default suite" duration-ms="73754" started-at="2022-07-10T19:14:59Z" finished-at="2022-07-10T19:16:13Z">
    <groups>
    </groups>
    <test name="Default test" duration-ms="73754" started-at="2022-07-10T19:14:59Z" finished-at="2022-07-10T19:16:13Z">
      <class name="driverFactory.TestScript">
        <test-method status="PASS" signature="setUp()[pri:0, instance:driverFactory.TestScript@7dc36524]" name="setUp" is-config="true" duration-ms="32328" started-at="2022-07-11T00:44:59Z" finished-at="2022-07-11T00:45:32Z">
          <reporter-output>
          </reporter-output>
        </test-method> <!-- setUp -->
        <test-method status="PASS" signature="validateemp()[pri:0, instance:driverFactory.TestScript@7dc36524]" name="validateemp" duration-ms="29409" started-at="2022-07-11T00:45:32Z" finished-at="2022-07-11T00:46:01Z">
          <reporter-output>
            <line>
              <![CDATA[Emp Creation successProxy element for: DefaultElementLocator 'By.name: employeeId'    [[ChromeDriver: chrome on WINDOWS (379858d1d881072f10f76be811fc5ffe)] -> id: personal_txtEmployeeId]]]>
            </line>
            <line>
              <![CDATA[Emp Creation::true]]>
            </line>
          </reporter-output>
        </test-method> <!-- validateemp -->
        <test-method status="PASS" signature="tearDown()[pri:0, instance:driverFactory.TestScript@7dc36524]" name="tearDown" is-config="true" duration-ms="11891" started-at="2022-07-11T00:46:01Z" finished-at="2022-07-11T00:46:13Z">
          <reporter-output>
          </reporter-output>
        </test-method> <!-- tearDown -->
      </class> <!-- driverFactory.TestScript -->
    </test> <!-- Default test -->
  </suite> <!-- Default suite -->
</testng-results>
